<?xml version="1.0" encoding="UTF-8"?>
<!-- Generated by org.testng.reporters.JUnitReportReporter -->
<testsuite hostname="LenovoLegionI7" failures="0" tests="1" name="TestCases.AirBooking" time="78.591" errors="0" timestamp="2023-08-21T13:17:17 IST" skipped="0">
  <testcase classname="TestCases.AirBooking" name="tc1_bookCostliestFlight" time="78.591"/>
</testsuite> <!-- TestCases.AirBooking -->
