<?xml version="1.0" encoding="UTF-8"?>
<!-- Generated by org.testng.reporters.JUnitReportReporter -->
<testsuite hostname="LenovoLegionI7" failures="0" tests="1" name="TestCases.AirBooking" time="77.867" errors="0" timestamp="2023-09-04T08:52:32 IST" skipped="0">
  <testcase classname="TestCases.AirBooking" name="tc1_bookCostliestFlight" time="77.867"/>
</testsuite> <!-- TestCases.AirBooking -->
