<?xml version="1.0" encoding="UTF-8"?>
<!-- Generated by org.testng.reporters.JUnitReportReporter -->
<testsuite hostname="LenovoLegionI7" failures="0" tests="1" name="TestCases.AirBooking" time="78.426" errors="0" timestamp="2023-08-20T13:58:05 IST" skipped="0">
  <testcase classname="TestCases.AirBooking" name="loginApplication" time="78.426"/>
</testsuite> <!-- TestCases.AirBooking -->
