<?xml version="1.0" encoding="UTF-8"?>
<!-- Generated by org.testng.reporters.JUnitReportReporter -->
<testsuite hostname="LenovoLegionI7" failures="0" tests="1" name="TestCases.FirstProblem" time="54.193" errors="0" timestamp="2023-08-20T12:47:16 IST" skipped="0">
  <testcase classname="TestCases.FirstProblem" name="loginApplication" time="54.193"/>
</testsuite> <!-- TestCases.FirstProblem -->
